<?xml version="1.0" encoding="UTF-8"?>
<!-- Generated by org.testng.reporters.JUnitReportReporter -->
<testsuite hostname="MACAIM00840" failures="0" tests="1" name="com.API.com.ApiRest.City" time="3.431" errors="0" timestamp="2020-02-13T17:10:02 IST" skipped="0">
  <testcase classname="com.API.com.ApiRest.City" name="getCity" time="3.431"/>
</testsuite> <!-- com.API.com.ApiRest.City -->
